<?xml version="1.0" encoding="UTF-8" ?>
<testsuite failures="0" time="0.246" errors="0" skipped="0" tests="2" name="controller.date.display.categoryProduct.ListProductCategoryTest">
  <properties>
    <property name="java.runtime.name" value="Java(TM) SE Runtime Environment"/>
    <property name="sun.boot.library.path" value="C:\Program Files\Java\jdk1.7.0\jre\bin"/>
    <property name="java.vm.version" value="21.0-b17"/>
    <property name="java.vm.vendor" value="Oracle Corporation"/>
    <property name="java.vendor.url" value="http://java.oracle.com/"/>
    <property name="path.separator" value=";"/>
    <property name="java.vm.name" value="Java HotSpot(TM) 64-Bit Server VM"/>
    <property name="file.encoding.pkg" value="sun.io"/>
    <property name="user.script" value=""/>
    <property name="user.country" value="US"/>
    <property name="sun.java.launcher" value="SUN_STANDARD"/>
    <property name="sun.os.patch.level" value="Service Pack 1"/>
    <property name="java.vm.specification.name" value="Java Virtual Machine Specification"/>
    <property name="user.dir" value="C:\workspace Indigo\ProjectLicense"/>
    <property name="java.runtime.version" value="1.7.0-b147"/>
    <property name="java.awt.graphicsenv" value="sun.awt.Win32GraphicsEnvironment"/>
    <property name="basedir" value="C:\workspace Indigo\ProjectLicense"/>
    <property name="java.endorsed.dirs" value="C:\Program Files\Java\jdk1.7.0\jre\lib\endorsed"/>
    <property name="os.arch" value="amd64"/>
    <property name="surefire.real.class.path" value="C:\Users\GHOSTA~1\AppData\Local\Temp\surefirebooter1706743496151430895.jar"/>
    <property name="java.io.tmpdir" value="C:\Users\GHOSTA~1\AppData\Local\Temp\"/>
    <property name="line.separator" value="
"/>
    <property name="java.vm.specification.vendor" value="Oracle Corporation"/>
    <property name="user.variant" value=""/>
    <property name="os.name" value="Windows 7"/>
    <property name="sun.jnu.encoding" value="Cp1252"/>
    <property name="java.library.path" value="C:\Program Files\Java\jdk1.7.0\jre\bin;C:\Windows\Sun\Java\bin;C:\Windows\system32;C:\Windows;C:\Program Files (x86)\PC Connectivity Solution\;C:\Program Files\Java\jdk1.7.0\bin;C:\Windows\system32;C:\Windows;C:\Windows\System32\Wbem;C:\Windows\System32\WindowsPowerShell\v1.0\;C:\Program Files\Intel\WiFi\bin\;C:\Program Files\Common Files\Intel\WirelessCommon\;C:\Program Files (x86)\Microsoft SQL Server\90\Tools\binn\;C:\Program Files\Java\jdk1.7.0\bin;C:\apache-archiva-1.3.6\bin;C:\apache-maven-2.2.1\bin;C:\Program Files\MySQL\MySQL Server 5.5\bin;."/>
    <property name="surefire.test.class.path" value="C:\workspace Indigo\ProjectLicense\target\test-classes;C:\workspace Indigo\ProjectLicense\target\classes;C:\Users\GhostAlexy\.m2\Project License Repository\org\apache\maven\plugins\maven-deploy-plugin\2.7\maven-deploy-plugin-2.7.jar;C:\Users\GhostAlexy\.m2\Project License Repository\org\apache\maven\maven-plugin-api\2.0.6\maven-plugin-api-2.0.6.jar;C:\Users\GhostAlexy\.m2\Project License Repository\org\apache\maven\maven-project\2.0.6\maven-project-2.0.6.jar;C:\Users\GhostAlexy\.m2\Project License Repository\org\apache\maven\maven-settings\2.0.6\maven-settings-2.0.6.jar;C:\Users\GhostAlexy\.m2\Project License Repository\org\apache\maven\maven-model\2.0.6\maven-model-2.0.6.jar;C:\Users\GhostAlexy\.m2\Project License Repository\org\codehaus\plexus\plexus-utils\1.5.6\plexus-utils-1.5.6.jar;C:\Users\GhostAlexy\.m2\Project License Repository\org\codehaus\plexus\plexus-container-default\1.0-alpha-9-stable-1\plexus-container-default-1.0-alpha-9-stable-1.jar;C:\Users\GhostAlexy\.m2\Project License Repository\junit\junit\4.8.1\junit-4.8.1.jar;C:\Users\GhostAlexy\.m2\Project License Repository\classworlds\classworlds\1.1-alpha-2\classworlds-1.1-alpha-2.jar;C:\Users\GhostAlexy\.m2\Project License Repository\org\apache\maven\maven-profile\2.0.6\maven-profile-2.0.6.jar;C:\Users\GhostAlexy\.m2\Project License Repository\org\apache\maven\maven-artifact-manager\2.0.6\maven-artifact-manager-2.0.6.jar;C:\Users\GhostAlexy\.m2\Project License Repository\org\apache\maven\maven-repository-metadata\2.0.6\maven-repository-metadata-2.0.6.jar;C:\Users\GhostAlexy\.m2\Project License Repository\org\apache\maven\maven-artifact\2.0.6\maven-artifact-2.0.6.jar;C:\Users\GhostAlexy\.m2\Project License Repository\org\apache\maven\wagon\wagon-provider-api\1.0-beta-2\wagon-provider-api-1.0-beta-2.jar;C:\Users\GhostAlexy\.m2\Project License Repository\org\apache\maven\maven-plugin-registry\2.0.6\maven-plugin-registry-2.0.6.jar;C:\Users\GhostAlexy\.m2\Project License Repository\com\sun\faces\jsf-api\2.1.0-b03\jsf-api-2.1.0-b03.jar;C:\Users\GhostAlexy\.m2\Project License Repository\com\sun\faces\jsf-impl\2.1.0-b03\jsf-impl-2.1.0-b03.jar;C:\Users\GhostAlexy\.m2\Project License Repository\org\glassfish\web\el-impl\2.2\el-impl-2.2.jar;C:\Users\GhostAlexy\.m2\Project License Repository\javax\el\el-api\2.2\el-api-2.2.jar;C:\Users\GhostAlexy\.m2\Project License Repository\javax\servlet\javax.servlet-api\3.1-b06\javax.servlet-api-3.1-b06.jar;C:\Users\GhostAlexy\.m2\Project License Repository\mysql\mysql-connector-java\5.1.14\mysql-connector-java-5.1.14.jar;C:\Users\GhostAlexy\.m2\Project License Repository\org\freemarker\freemarker\2.3.19\freemarker-2.3.19.jar;C:\Users\GhostAlexy\.m2\Project License Repository\jstl\jstl\1.2\jstl-1.2.jar;C:\Users\GhostAlexy\.m2\Project License Repository\taglibs\standard\1.1.2\standard-1.1.2.jar;"/>
    <property name="java.specification.name" value="Java Platform API Specification"/>
    <property name="java.class.version" value="51.0"/>
    <property name="sun.management.compiler" value="HotSpot 64-Bit Tiered Compilers"/>
    <property name="os.version" value="6.1"/>
    <property name="user.home" value="C:\Users\GhostAlexy"/>
    <property name="user.timezone" value="Europe/Athens"/>
    <property name="java.awt.printerjob" value="sun.awt.windows.WPrinterJob"/>
    <property name="java.specification.version" value="1.7"/>
    <property name="file.encoding" value="Cp1252"/>
    <property name="user.name" value="GhostAlexy"/>
    <property name="java.class.path" value="C:\workspace Indigo\ProjectLicense\target\test-classes;C:\workspace Indigo\ProjectLicense\target\classes;C:\Users\GhostAlexy\.m2\Project License Repository\org\apache\maven\plugins\maven-deploy-plugin\2.7\maven-deploy-plugin-2.7.jar;C:\Users\GhostAlexy\.m2\Project License Repository\org\apache\maven\maven-plugin-api\2.0.6\maven-plugin-api-2.0.6.jar;C:\Users\GhostAlexy\.m2\Project License Repository\org\apache\maven\maven-project\2.0.6\maven-project-2.0.6.jar;C:\Users\GhostAlexy\.m2\Project License Repository\org\apache\maven\maven-settings\2.0.6\maven-settings-2.0.6.jar;C:\Users\GhostAlexy\.m2\Project License Repository\org\apache\maven\maven-model\2.0.6\maven-model-2.0.6.jar;C:\Users\GhostAlexy\.m2\Project License Repository\org\codehaus\plexus\plexus-utils\1.5.6\plexus-utils-1.5.6.jar;C:\Users\GhostAlexy\.m2\Project License Repository\org\codehaus\plexus\plexus-container-default\1.0-alpha-9-stable-1\plexus-container-default-1.0-alpha-9-stable-1.jar;C:\Users\GhostAlexy\.m2\Project License Repository\junit\junit\4.8.1\junit-4.8.1.jar;C:\Users\GhostAlexy\.m2\Project License Repository\classworlds\classworlds\1.1-alpha-2\classworlds-1.1-alpha-2.jar;C:\Users\GhostAlexy\.m2\Project License Repository\org\apache\maven\maven-profile\2.0.6\maven-profile-2.0.6.jar;C:\Users\GhostAlexy\.m2\Project License Repository\org\apache\maven\maven-artifact-manager\2.0.6\maven-artifact-manager-2.0.6.jar;C:\Users\GhostAlexy\.m2\Project License Repository\org\apache\maven\maven-repository-metadata\2.0.6\maven-repository-metadata-2.0.6.jar;C:\Users\GhostAlexy\.m2\Project License Repository\org\apache\maven\maven-artifact\2.0.6\maven-artifact-2.0.6.jar;C:\Users\GhostAlexy\.m2\Project License Repository\org\apache\maven\wagon\wagon-provider-api\1.0-beta-2\wagon-provider-api-1.0-beta-2.jar;C:\Users\GhostAlexy\.m2\Project License Repository\org\apache\maven\maven-plugin-registry\2.0.6\maven-plugin-registry-2.0.6.jar;C:\Users\GhostAlexy\.m2\Project License Repository\com\sun\faces\jsf-api\2.1.0-b03\jsf-api-2.1.0-b03.jar;C:\Users\GhostAlexy\.m2\Project License Repository\com\sun\faces\jsf-impl\2.1.0-b03\jsf-impl-2.1.0-b03.jar;C:\Users\GhostAlexy\.m2\Project License Repository\org\glassfish\web\el-impl\2.2\el-impl-2.2.jar;C:\Users\GhostAlexy\.m2\Project License Repository\javax\el\el-api\2.2\el-api-2.2.jar;C:\Users\GhostAlexy\.m2\Project License Repository\javax\servlet\javax.servlet-api\3.1-b06\javax.servlet-api-3.1-b06.jar;C:\Users\GhostAlexy\.m2\Project License Repository\mysql\mysql-connector-java\5.1.14\mysql-connector-java-5.1.14.jar;C:\Users\GhostAlexy\.m2\Project License Repository\org\freemarker\freemarker\2.3.19\freemarker-2.3.19.jar;C:\Users\GhostAlexy\.m2\Project License Repository\jstl\jstl\1.2\jstl-1.2.jar;C:\Users\GhostAlexy\.m2\Project License Repository\taglibs\standard\1.1.2\standard-1.1.2.jar;"/>
    <property name="java.vm.specification.version" value="1.7"/>
    <property name="sun.arch.data.model" value="64"/>
    <property name="java.home" value="C:\Program Files\Java\jdk1.7.0\jre"/>
    <property name="sun.java.command" value="C:\Users\GHOSTA~1\AppData\Local\Temp\surefirebooter1706743496151430895.jar C:\Users\GHOSTA~1\AppData\Local\Temp\surefire3762160659038259411tmp C:\Users\GHOSTA~1\AppData\Local\Temp\surefire2109502153423718184tmp"/>
    <property name="java.specification.vendor" value="Oracle Corporation"/>
    <property name="user.language" value="en"/>
    <property name="awt.toolkit" value="sun.awt.windows.WToolkit"/>
    <property name="java.vm.info" value="mixed mode"/>
    <property name="java.version" value="1.7.0"/>
    <property name="java.ext.dirs" value="C:\Program Files\Java\jdk1.7.0\jre\lib\ext;C:\Windows\Sun\Java\lib\ext"/>
    <property name="sun.boot.class.path" value="C:\Program Files\Java\jdk1.7.0\jre\lib\resources.jar;C:\Program Files\Java\jdk1.7.0\jre\lib\rt.jar;C:\Program Files\Java\jdk1.7.0\jre\lib\sunrsasign.jar;C:\Program Files\Java\jdk1.7.0\jre\lib\jsse.jar;C:\Program Files\Java\jdk1.7.0\jre\lib\jce.jar;C:\Program Files\Java\jdk1.7.0\jre\lib\charsets.jar;C:\Program Files\Java\jdk1.7.0\jre\classes"/>
    <property name="java.vendor" value="Oracle Corporation"/>
    <property name="localRepository" value="C:/Users/GhostAlexy/.m2/Project License Repository"/>
    <property name="file.separator" value="\"/>
    <property name="java.vendor.url.bug" value="http://bugreport.sun.com/bugreport/"/>
    <property name="sun.cpu.endian" value="little"/>
    <property name="sun.io.unicode.encoding" value="UnicodeLittle"/>
    <property name="sun.desktop" value="windows"/>
    <property name="sun.cpu.isalist" value="amd64"/>
  </properties>
  <testcase time="0.229" classname="controller.date.display.categoryProduct.ListProductCategoryTest" name="testGetAllProductsCategoryElements"/>
  <testcase time="0.001" classname="controller.date.display.categoryProduct.ListProductCategoryTest" name="testGetProductsCategoryGrouped"/>
</testsuite>